01-08 19:55:51 replicate_layout.action_replicate_layout 305:Plugin executed on: 'linux2'
01-08 19:55:51 replicate_layout.action_replicate_layout 306:Plugin executed with python version: '2.7.13 (default, Aug 22 2020, 10:03:02) \n[GCC 6.3.0 20170516]'
01-08 19:55:51 replicate_layout.action_replicate_layout 307:KiCad build version: Unknown
01-08 19:55:51 replicate_layout.action_replicate_layout 308:Replicate layout plugin version: 69 started
01-08 19:55:51 replicate_layout.action_replicate_layout 340:Preparing replicator with Q2 as a reference
01-08 19:55:51 replicate_layout.replicatelayout 215:getting project hierarchy from schematics
01-08 19:55:51 replicate_layout.replicatelayout 217:Project hierarchy looks like:
{u'5FF8CB67': [u'stage', u'/home/arthurdent/Projects/covidinator/electronics/kicad/Li_marx_pulser/stage.sch'], u'5FFACA99': [u'sheet5FFACA95', u'/home/arthurdent/Projects/covidinator/electronics/kicad/Li_marx_pulser/stage.sch'], u'5FFACD74': [u'sheet5FFACD70', u'/home/arthurdent/Projects/covidinator/electronics/kicad/Li_marx_pulser/stage.sch'], u'5FFAD74D': [u'sheet5FFAD741', u'/home/arthurdent/Projects/covidinator/electronics/kicad/Li_marx_pulser/stage.sch'], u'5FFAE3CF': [u'sheet5FFAE3C6', u'/home/arthurdent/Projects/covidinator/electronics/kicad/Li_marx_pulser/stage.sch'], u'5FFAD749': [u'sheet5FFAD740', u'/home/arthurdent/Projects/covidinator/electronics/kicad/Li_marx_pulser/stage.sch'], u'5FFADF9D': [u'sheet5FFADF97', u'/home/arthurdent/Projects/covidinator/electronics/kicad/Li_marx_pulser/stage.sch'], u'5FFAE3D3': [u'sheet5FFAE3C7', u'/home/arthurdent/Projects/covidinator/electronics/kicad/Li_marx_pulser/stage.sch'], u'5FFAE3CB': [u'sheet5FFAE3C5', u'/home/arthurdent/Projects/covidinator/electronics/kicad/Li_marx_pulser/stage.sch'], u'5FFADFA5': [u'sheet5FFADF99', u'/home/arthurdent/Projects/covidinator/electronics/kicad/Li_marx_pulser/stage.sch'], u'5FFAE9BE': [u'sheet5FFAE9B8', u'/home/arthurdent/Projects/covidinator/electronics/kicad/Li_marx_pulser/stage.sch'], u'5FFAD745': [u'sheet5FFAD73F', u'/home/arthurdent/Projects/covidinator/electronics/kicad/Li_marx_pulser/stage.sch'], u'5FFADFA1': [u'sheet5FFADF98', u'/home/arthurdent/Projects/covidinator/electronics/kicad/Li_marx_pulser/stage.sch'], u'5FFAE9C2': [u'sheet5FFAE9B9', u'/home/arthurdent/Projects/covidinator/electronics/kicad/Li_marx_pulser/stage.sch']}
01-08 19:55:51 replicate_layout.replicatelayout 225:getting a list of all footprints on board
01-08 19:55:51 replicate_layout.action_replicate_layout 367:source anchor footprint is u'Q2'
Located on:[u'stage']
With filenames:[u'stage.sch']
With sheet_id:[u'stage']
01-08 19:55:51 replicate_layout.action_replicate_layout 371:Corresponding footprints are 
[(u'Q15', [u'sheet5FFAE9B9']), (u'Q14', [u'sheet5FFAE9B8']), (u'Q13', [u'sheet5FFAE3C7']), (u'Q12', [u'sheet5FFAE3C6']), (u'Q11', [u'sheet5FFAE3C5']), (u'Q10', [u'sheet5FFADF99']), (u'Q9', [u'sheet5FFADF98']), (u'Q8', [u'sheet5FFADF97']), (u'Q7', [u'sheet5FFAD741']), (u'Q6', [u'sheet5FFAD740']), (u'Q5', [u'sheet5FFAD73F']), (u'Q4', [u'sheet5FFACD70']), (u'Q3', [u'sheet5FFACA95']), (u'Q2', [u'stage'])]
01-08 19:55:51 replicate_layout.action_replicate_layout 384:Showing dialog
01-08 19:55:51 replicate_layout.action_replicate_layout 388:Pcbnew position: wx.Point(3600, 0)
01-08 19:55:51 replicate_layout.action_replicate_layout 394:Display 0: wx.Rect(0, 0, 1680, 1050)
01-08 19:55:51 replicate_layout.action_replicate_layout 394:Display 1: wx.Rect(1680, 0, 1920, 1080)
01-08 19:55:51 replicate_layout.action_replicate_layout 394:Display 2: wx.Rect(3600, 0, 1920, 1080)
01-08 19:55:51 replicate_layout.action_replicate_layout 398:Toolbar position: wx.Point(5288, 110)
01-08 19:55:51 replicate_layout.action_replicate_layout 405:Dialog position: wx.Point(4975, 110)
01-08 19:55:51 replicate_layout.replicatelayout 249:construcing a list of sheets suitable for replication on level:u'stage', file:u'stage.sch'
01-08 19:55:51 replicate_layout.replicatelayout 256:Source sheet path up to the level:[u'stage']
01-08 19:55:51 replicate_layout.replicatelayout 260:Footprints on the sheets:
[u'Q15', u'Q14', u'Q13', u'Q12', u'Q11', u'Q10', u'Q9', u'Q8', u'Q7', u'Q6', u'Q5', u'Q4', u'Q3', u'Q2']
01-08 19:55:51 replicate_layout.replicatelayout 263:Footprints raw sheet ids:
[u'/5FFAE9C2/5FF8E1FA', u'/5FFAE9BE/5FF8E1FA', u'/5FFAE3D3/5FF8E1FA', u'/5FFAE3CF/5FF8E1FA', u'/5FFAE3CB/5FF8E1FA', u'/5FFADFA5/5FF8E1FA', u'/5FFADFA1/5FF8E1FA', u'/5FFADF9D/5FF8E1FA', u'/5FFAD74D/5FF8E1FA', u'/5FFAD749/5FF8E1FA', u'/5FFAD745/5FF8E1FA', u'/5FFACD74/5FF8E1FA', u'/5FFACA99/5FF8E1FA', u'/5FF8CB67/5FF8E1FA']
01-08 19:55:51 replicate_layout.replicatelayout 279:All sheets to replicate:
[[u'sheet5FFAE9B9'], [u'sheet5FFAE9B8'], [u'sheet5FFAE3C7'], [u'sheet5FFAE3C6'], [u'sheet5FFAE3C5'], [u'sheet5FFADF99'], [u'sheet5FFADF98'], [u'sheet5FFADF97'], [u'sheet5FFAD741'], [u'sheet5FFAD740'], [u'sheet5FFAD73F'], [u'sheet5FFACD70'], [u'sheet5FFACA95'], [u'stage']]
01-08 19:55:51 replicate_layout.replicatelayout 284:All sheets to replicate sorted:
[[u'sheet5FFACA95'], [u'sheet5FFACD70'], [u'sheet5FFAD73F'], [u'sheet5FFAD740'], [u'sheet5FFAD741'], [u'sheet5FFADF97'], [u'sheet5FFADF98'], [u'sheet5FFADF99'], [u'sheet5FFAE3C5'], [u'sheet5FFAE3C6'], [u'sheet5FFAE3C7'], [u'sheet5FFAE9B8'], [u'sheet5FFAE9B9'], [u'stage']]
01-08 19:55:51 replicate_layout.replicatelayout 290:All sheets to replicate sorted and without source sheet:
[[u'sheet5FFACA95'], [u'sheet5FFACD70'], [u'sheet5FFAD73F'], [u'sheet5FFAD740'], [u'sheet5FFAD741'], [u'sheet5FFADF97'], [u'sheet5FFADF98'], [u'sheet5FFADF99'], [u'sheet5FFAE3C5'], [u'sheet5FFAE3C6'], [u'sheet5FFAE3C7'], [u'sheet5FFAE9B8'], [u'sheet5FFAE9B9']]
01-08 19:55:53 replicate_layout.replicatelayout 249:construcing a list of sheets suitable for replication on level:u'stage', file:u'stage.sch'
01-08 19:55:53 replicate_layout.replicatelayout 256:Source sheet path up to the level:[u'stage']
01-08 19:55:53 replicate_layout.replicatelayout 260:Footprints on the sheets:
[u'Q15', u'Q14', u'Q13', u'Q12', u'Q11', u'Q10', u'Q9', u'Q8', u'Q7', u'Q6', u'Q5', u'Q4', u'Q3', u'Q2']
01-08 19:55:53 replicate_layout.replicatelayout 263:Footprints raw sheet ids:
[u'/5FFAE9C2/5FF8E1FA', u'/5FFAE9BE/5FF8E1FA', u'/5FFAE3D3/5FF8E1FA', u'/5FFAE3CF/5FF8E1FA', u'/5FFAE3CB/5FF8E1FA', u'/5FFADFA5/5FF8E1FA', u'/5FFADFA1/5FF8E1FA', u'/5FFADF9D/5FF8E1FA', u'/5FFAD74D/5FF8E1FA', u'/5FFAD749/5FF8E1FA', u'/5FFAD745/5FF8E1FA', u'/5FFACD74/5FF8E1FA', u'/5FFACA99/5FF8E1FA', u'/5FF8CB67/5FF8E1FA']
01-08 19:55:53 replicate_layout.replicatelayout 279:All sheets to replicate:
[[u'sheet5FFAE9B9'], [u'sheet5FFAE9B8'], [u'sheet5FFAE3C7'], [u'sheet5FFAE3C6'], [u'sheet5FFAE3C5'], [u'sheet5FFADF99'], [u'sheet5FFADF98'], [u'sheet5FFADF97'], [u'sheet5FFAD741'], [u'sheet5FFAD740'], [u'sheet5FFAD73F'], [u'sheet5FFACD70'], [u'sheet5FFACA95'], [u'stage']]
01-08 19:55:53 replicate_layout.replicatelayout 284:All sheets to replicate sorted:
[[u'sheet5FFACA95'], [u'sheet5FFACD70'], [u'sheet5FFAD73F'], [u'sheet5FFAD740'], [u'sheet5FFAD741'], [u'sheet5FFADF97'], [u'sheet5FFADF98'], [u'sheet5FFADF99'], [u'sheet5FFAE3C5'], [u'sheet5FFAE3C6'], [u'sheet5FFAE3C7'], [u'sheet5FFAE9B8'], [u'sheet5FFAE9B9'], [u'stage']]
01-08 19:55:53 replicate_layout.replicatelayout 290:All sheets to replicate sorted and without source sheet:
[[u'sheet5FFACA95'], [u'sheet5FFACD70'], [u'sheet5FFAD73F'], [u'sheet5FFAD740'], [u'sheet5FFAD741'], [u'sheet5FFADF97'], [u'sheet5FFADF98'], [u'sheet5FFADF99'], [u'sheet5FFAE3C5'], [u'sheet5FFAE3C6'], [u'sheet5FFAE3C7'], [u'sheet5FFAE9B8'], [u'sheet5FFAE9B9']]
01-08 19:55:53 replicate_layout.action_replicate_layout 179:Replicating layout
01-08 19:55:53 replicate_layout.replicatelayout 990:Starting replication of sheets: [[u'sheet5FFACA95'], [u'sheet5FFACD70'], [u'sheet5FFAD73F'], [u'sheet5FFAD740'], [u'sheet5FFAD741'], [u'sheet5FFADF97'], [u'sheet5FFADF98'], [u'sheet5FFADF99'], [u'sheet5FFAE3C5'], [u'sheet5FFAE3C6'], [u'sheet5FFAE3C7'], [u'sheet5FFAE9B8'], [u'sheet5FFAE9B9']]
on level: [u'stage']
with tracks=True, zone=True, text=True, containing=True, remove=True, locked=False
01-08 19:55:53 root 261:updating GUI message: 'Preparing for replication'
01-08 19:55:54 replicate_layout.replicatelayout 556:Getting the list of source footprints
01-08 19:55:54 root 266:updating GUI with: 0
01-08 19:55:54 replicate_layout.replicatelayout 560:Getting the list of all the remaining footprints
01-08 19:55:54 replicate_layout.replicatelayout 564:Getting nets local to source footprints
01-08 19:55:54 replicate_layout.replicatelayout 568:Getting source bounding box
01-08 19:55:54 root 266:updating GUI with: 37
01-08 19:55:54 replicate_layout.replicatelayout 572:Getting source tracks
01-08 19:55:54 replicate_layout.replicatelayout 576:Getting source zones
01-08 19:55:54 replicate_layout.replicatelayout 580:Getting source text items
01-08 19:55:54 replicate_layout.replicatelayout 584:Getting source text items
01-08 19:55:54 replicate_layout.replicatelayout 1018:Removing tracks and zones, before module placement
01-08 19:55:54 root 261:updating GUI message: 'Removing zones and tracks'
01-08 19:55:54 root 266:updating GUI with: 7
01-08 19:55:54 root 266:updating GUI with: 76
01-08 19:55:54 root 261:updating GUI message: 'Replicating footprints'
01-08 19:55:54 replicate_layout.replicatelayout 590:Replicating footprints
01-08 19:55:54 replicate_layout.replicatelayout 596:Replicating footprints on sheet [u'sheet5FFACA95']
01-08 19:55:54 root 266:updating GUI with: 5
01-08 19:55:54 replicate_layout.replicatelayout 596:Replicating footprints on sheet [u'sheet5FFACD70']
01-08 19:55:54 replicate_layout.replicatelayout 596:Replicating footprints on sheet [u'sheet5FFAD73F']
01-08 19:55:54 replicate_layout.replicatelayout 596:Replicating footprints on sheet [u'sheet5FFAD740']
01-08 19:55:54 root 266:updating GUI with: 26
01-08 19:55:54 replicate_layout.replicatelayout 596:Replicating footprints on sheet [u'sheet5FFAD741']
01-08 19:55:54 replicate_layout.replicatelayout 596:Replicating footprints on sheet [u'sheet5FFADF97']
01-08 19:55:54 root 266:updating GUI with: 46
01-08 19:55:54 replicate_layout.replicatelayout 596:Replicating footprints on sheet [u'sheet5FFADF98']
01-08 19:55:54 replicate_layout.replicatelayout 596:Replicating footprints on sheet [u'sheet5FFADF99']
01-08 19:55:54 replicate_layout.replicatelayout 596:Replicating footprints on sheet [u'sheet5FFAE3C5']
01-08 19:55:54 root 266:updating GUI with: 67
01-08 19:55:54 replicate_layout.replicatelayout 596:Replicating footprints on sheet [u'sheet5FFAE3C6']
01-08 19:55:54 replicate_layout.replicatelayout 596:Replicating footprints on sheet [u'sheet5FFAE3C7']
01-08 19:55:54 replicate_layout.replicatelayout 596:Replicating footprints on sheet [u'sheet5FFAE9B8']
01-08 19:55:54 root 266:updating GUI with: 88
01-08 19:55:54 replicate_layout.replicatelayout 596:Replicating footprints on sheet [u'sheet5FFAE9B9']
01-08 19:55:54 replicate_layout.replicatelayout 1026:Removing tracks and zones, after module placement
01-08 19:55:54 root 261:updating GUI message: 'Removing zones and tracks'
01-08 19:55:54 root 266:updating GUI with: 0
01-08 19:55:54 root 266:updating GUI with: 76
01-08 19:55:54 root 261:updating GUI message: 'Replicating tracks'
01-08 19:55:54 replicate_layout.replicatelayout 716:Replicating tracks
01-08 19:55:54 root 266:updating GUI with: 0
01-08 19:55:54 replicate_layout.replicatelayout 722:Replicating tracks on sheet [u'sheet5FFACA95']
01-08 19:55:54 replicate_layout.replicatelayout 722:Replicating tracks on sheet [u'sheet5FFACD70']
01-08 19:55:54 replicate_layout.replicatelayout 722:Replicating tracks on sheet [u'sheet5FFAD73F']
01-08 19:55:54 replicate_layout.replicatelayout 722:Replicating tracks on sheet [u'sheet5FFAD740']
01-08 19:55:54 replicate_layout.replicatelayout 722:Replicating tracks on sheet [u'sheet5FFAD741']
01-08 19:55:54 root 266:updating GUI with: 38
01-08 19:55:54 replicate_layout.replicatelayout 722:Replicating tracks on sheet [u'sheet5FFADF97']
01-08 19:55:54 replicate_layout.replicatelayout 722:Replicating tracks on sheet [u'sheet5FFADF98']
01-08 19:55:54 replicate_layout.replicatelayout 722:Replicating tracks on sheet [u'sheet5FFADF99']
01-08 19:55:54 replicate_layout.replicatelayout 722:Replicating tracks on sheet [u'sheet5FFAE3C5']
01-08 19:55:54 replicate_layout.replicatelayout 722:Replicating tracks on sheet [u'sheet5FFAE3C6']
01-08 19:55:54 root 266:updating GUI with: 76
01-08 19:55:54 replicate_layout.replicatelayout 722:Replicating tracks on sheet [u'sheet5FFAE3C7']
01-08 19:55:54 replicate_layout.replicatelayout 722:Replicating tracks on sheet [u'sheet5FFAE9B8']
01-08 19:55:54 replicate_layout.replicatelayout 722:Replicating tracks on sheet [u'sheet5FFAE9B9']
01-08 19:55:54 root 261:updating GUI message: 'Replicating zones'
01-08 19:55:54 replicate_layout.replicatelayout 767:Replicating zones
01-08 19:55:54 root 266:updating GUI with: 0
01-08 19:55:54 replicate_layout.replicatelayout 774:Replicating zones on sheet [u'sheet5FFACA95']
01-08 19:55:54 replicate_layout.replicatelayout 774:Replicating zones on sheet [u'sheet5FFACD70']
01-08 19:55:54 replicate_layout.replicatelayout 774:Replicating zones on sheet [u'sheet5FFAD73F']
01-08 19:55:54 replicate_layout.replicatelayout 774:Replicating zones on sheet [u'sheet5FFAD740']
01-08 19:55:54 replicate_layout.replicatelayout 774:Replicating zones on sheet [u'sheet5FFAD741']
01-08 19:55:54 root 266:updating GUI with: 34
01-08 19:55:54 replicate_layout.replicatelayout 774:Replicating zones on sheet [u'sheet5FFADF97']
01-08 19:55:54 replicate_layout.replicatelayout 774:Replicating zones on sheet [u'sheet5FFADF98']
01-08 19:55:54 replicate_layout.replicatelayout 774:Replicating zones on sheet [u'sheet5FFADF99']
01-08 19:55:54 replicate_layout.replicatelayout 774:Replicating zones on sheet [u'sheet5FFAE3C5']
01-08 19:55:54 replicate_layout.replicatelayout 774:Replicating zones on sheet [u'sheet5FFAE3C6']
01-08 19:55:54 root 266:updating GUI with: 73
01-08 19:55:54 replicate_layout.replicatelayout 774:Replicating zones on sheet [u'sheet5FFAE3C7']
01-08 19:55:54 replicate_layout.replicatelayout 774:Replicating zones on sheet [u'sheet5FFAE9B8']
01-08 19:55:54 replicate_layout.replicatelayout 774:Replicating zones on sheet [u'sheet5FFAE9B9']
01-08 19:55:54 root 261:updating GUI message: 'Replicating text'
01-08 19:55:54 replicate_layout.replicatelayout 833:Replicating text
01-08 19:55:54 root 266:updating GUI with: 0
01-08 19:55:54 replicate_layout.replicatelayout 840:Replicating text on sheet [u'sheet5FFACA95']
01-08 19:55:54 replicate_layout.replicatelayout 840:Replicating text on sheet [u'sheet5FFACD70']
01-08 19:55:54 replicate_layout.replicatelayout 840:Replicating text on sheet [u'sheet5FFAD73F']
01-08 19:55:54 replicate_layout.replicatelayout 840:Replicating text on sheet [u'sheet5FFAD740']
01-08 19:55:54 replicate_layout.replicatelayout 840:Replicating text on sheet [u'sheet5FFAD741']
01-08 19:55:54 replicate_layout.replicatelayout 840:Replicating text on sheet [u'sheet5FFADF97']
01-08 19:55:54 replicate_layout.replicatelayout 840:Replicating text on sheet [u'sheet5FFADF98']
01-08 19:55:54 replicate_layout.replicatelayout 840:Replicating text on sheet [u'sheet5FFADF99']
01-08 19:55:54 replicate_layout.replicatelayout 840:Replicating text on sheet [u'sheet5FFAE3C5']
01-08 19:55:54 replicate_layout.replicatelayout 840:Replicating text on sheet [u'sheet5FFAE3C6']
01-08 19:55:54 replicate_layout.replicatelayout 840:Replicating text on sheet [u'sheet5FFAE3C7']
01-08 19:55:54 replicate_layout.replicatelayout 840:Replicating text on sheet [u'sheet5FFAE9B8']
01-08 19:55:54 replicate_layout.replicatelayout 840:Replicating text on sheet [u'sheet5FFAE9B9']
01-08 19:55:54 root 261:updating GUI message: 'Replicating drawings'
01-08 19:55:54 replicate_layout.replicatelayout 864:Replicating drawings
01-08 19:55:54 replicate_layout.replicatelayout 870:Replicating drawings on sheet [u'sheet5FFACA95']
01-08 19:55:54 replicate_layout.replicatelayout 870:Replicating drawings on sheet [u'sheet5FFACD70']
01-08 19:55:54 replicate_layout.replicatelayout 870:Replicating drawings on sheet [u'sheet5FFAD73F']
01-08 19:55:54 replicate_layout.replicatelayout 870:Replicating drawings on sheet [u'sheet5FFAD740']
01-08 19:55:54 replicate_layout.replicatelayout 870:Replicating drawings on sheet [u'sheet5FFAD741']
01-08 19:55:54 replicate_layout.replicatelayout 870:Replicating drawings on sheet [u'sheet5FFADF97']
01-08 19:55:54 replicate_layout.replicatelayout 870:Replicating drawings on sheet [u'sheet5FFADF98']
01-08 19:55:54 replicate_layout.replicatelayout 870:Replicating drawings on sheet [u'sheet5FFADF99']
01-08 19:55:54 replicate_layout.replicatelayout 870:Replicating drawings on sheet [u'sheet5FFAE3C5']
01-08 19:55:54 replicate_layout.replicatelayout 870:Replicating drawings on sheet [u'sheet5FFAE3C6']
01-08 19:55:54 replicate_layout.replicatelayout 870:Replicating drawings on sheet [u'sheet5FFAE3C7']
01-08 19:55:54 replicate_layout.replicatelayout 870:Replicating drawings on sheet [u'sheet5FFAE9B8']
01-08 19:55:54 replicate_layout.replicatelayout 870:Replicating drawings on sheet [u'sheet5FFAE9B9']
01-08 19:55:54 replicate_layout.action_replicate_layout 201:Replication complete
