Command line:
"/home/arthurdent/Programs/travis-src-200504-hf2/exe/travis -p s6/trajectory.pdb -i travis_input.txt"


  ________                                 __
 /        |                               /  |
 ########/ ______    ______    __     __  ##/    _______
    ## |  /      \  /      \  /  \   /  | /  |  /       |
    ## | /######  | ######  | ##  \ /##/  ## | /#######/
    ## | ## |  ##/  /    ## |  ##  /##/   ## | ##      \
    ## | ## |      /####### |   ## ##/    ## |  ######  |
    ## | ## |      ##    ## |    ###/     ## | /     ##/
    ##/  ##/        #######/      #/      ##/  #######/

    TRajectory Analyzer and VISualizer  -  Open-source freeware under GNU GPL v3

    Copyright (c) Martin Brehm      (2009-2020), University of Halle (Saale)
                  Martin Thomas     (2012-2020)
                  Sascha Gehrke     (2016-2020), University of Bonn
                  Barbara Kirchner  (2009-2020), University of Bonn

    http://www.travis-analyzer.de

    Please cite: J. Chem. Phys. 2020, 152 (16), 164105.         (DOI 10.1063/5.0005078 )
                 J. Chem. Inf. Model. 2011, 51 (8), 2007-2023.  (DOI 10.1021/ci200217w )

    There is absolutely no warranty on any results obtained from TRAVIS.

 #  Running on DeepThought-Ryzen-Debian at Sat Dec 19 20:46:08 2020 (PID 18720)
 #  Running in /home/arthurdent/Projects/covidinator/biology/simulation/GROMACS/BUMPy_bilayer
 #  Version: May 4 2020 (may the force (-: ) HF2, built at Dec 19 2020, 18:13:17, compiler "6.3.0 20170516", GCC 6.3.0
 #  Target platform: Linux,  Compile flags: DEBUG_ARRAYS 
 #  Machine: int=4b, long=8b, addr=8b, 0xA0B0C0D0=D0,C0,B0,A0.
 #  Home: /home/arthurdent,  Executable: /home/arthurdent/Programs/travis-src-200504-hf2/exe/travis
 #  Input from travis_input.txt, Output to terminal

    >>> Please use a color scheme with dark background or specify "-nocolor"! <<<

    Loading configuration from /home/arthurdent/.travis.conf ...

    Opening position trajectory s6/trajectory.pdb ...
Error. File does not exist or cannot be read.

    Note: To show a list of all persons who contributed to TRAVIS,
          please add "-credits" to your command line arguments, or set the
          variable "SHOWCREDITS" to "TRUE" in your travis.conf file.

    Source code from other projects used in TRAVIS:
      - lmfit     from Joachim Wuttke
      - kiss_fft  from Mark Borgerding
      - voro++    from Chris Rycroft

    http://www.travis-analyzer.de

    Please cite all of the following articles for the analyses you have used:

  * For TRAVIS in general:

    "TRAVIS - A Free Analyzer for Trajectories from Molecular Simulation",
    M. Brehm, M. Thomas, S. Gehrke, B. Kirchner; J. Chem. Phys. 2020, 152 (16), 164105.   (DOI 10.1063/5.0005078 )

    "TRAVIS - A Free Analyzer and Visualizer for Monte Carlo and Molecular Dynamics Trajectories",
    M. Brehm, B. Kirchner; J. Chem. Inf. Model. 2011, 51 (8), pp 2007-2023.   (DOI 10.1021/ci200217w )

*** The End ***

