
.Def:BFP620_lib _net111 _net22 _net31 _net32 _ref
  .Def:BFP620 _ref _net111 _net22 _net31 _net32
  C:CBEPAR _net2 _net3 C="1.61e-14"
  C:CBCPAR _net2 _net10 C="9.206e-14"
  C:CCEPAR _net10 _net3 C="4.783e-14"
  L:LEX _net30 _net33 L="2.103e-12"
  L:LBX _net20 _net22 L="4.68e-10"
  L:LCX _net11 _net111 L="3.153e-10"
  C:CBEPCK _net20 _net30 C="7.147e-14"
  C:CBCPCK _net11 _net20 C="4.512e-16"
  C:CCEPCK _net11 _net30 C="1.305e-13"
  L:LB _net2 _net20 L="5.692e-10"
  L:LE _net3 _net30 L="2.255e-10"
  L:LC _net10 _net11 L="6.581e-10"
  R:RE1 _net33 _net31 R="0.001"
  R:RE2 _net33 _net32 R="0.001"
  R:RSUB _net4 _net30 R="260"
  R:RCX _net1 _net10 R="1.449"
  Diode:DIODE_SUB _net1 _net4 Is="2.16e-14" N="1.123" Rs="0.1" Cj0="4e-14" Tnom="25" M="0.5" Vj="0.7"
  BJT:Q1 _net2 _net1 _net3 _net4 Type="npn" Tnom="25" Is="2.057e-15" Bf="1148" Nf="1.008" Vaf="355.5" Ikf="0.2022" Ise="2.675e-13" Ne="2.946" Br="309.1" Nr="0.9849" Var="1.204" Ikr="0.005842" Isc="1e-17" Nc="7.2" Rb="8.533" Irb="0.0007035" Rbm="3.31" Re="0.02592" Rc="2.429" Xtb="-2.482" Eg="1.034" Xti="0.808" Cje="4.356e-13" Vje="0.337" Mje="0.004858" Tf="1.4e-12" Xtf="1.466" Vtf="3.079" Itf="2.083" Ptf="8.82e-16" Cjc="9.958e-14" Vjc="1.68" Mjc="1.715" Xcjc="0.6466" Tr="1e-09" Cjs="8.583e-14" Mjs="0.1744" Vjs="0.1542" Fc="0.8156" Kf="2.56e-11" Af="1.798"
  .Def:End
  Sub:X1 _ref _net111 _net22 _net31 _net32 Type="BFP620"
.Def:End

